==18214== Memcheck, a memory error detector
==18214== Copyright (C) 2002-2017, and GNU GPL'd, by Julian Seward et al.
==18214== Using Valgrind-3.15.0 and LibVEX; rerun with -h for copyright info
==18214== Command: ./a.out
==18214== Parent PID: 182
==18214== 
==18214== 
==18214== Process terminating with default action of signal 2 (SIGINT)
==18214==    at 0x4B63FD2: read (read.c:26)
==18214==    by 0x4AE6B9E: _IO_file_underflow@@GLIBC_2.2.5 (fileops.c:517)
==18214==    by 0x4AE7F85: _IO_default_uflow (genops.c:362)
==18214==    by 0x49624B0: __gnu_cxx::stdio_sync_filebuf<char, std::char_traits<char> >::underflow() (in /usr/lib/x86_64-linux-gnu/libstdc++.so.6.0.28)
==18214==    by 0x4970B22: std::istream::sentry::sentry(std::istream&, bool) (in /usr/lib/x86_64-linux-gnu/libstdc++.so.6.0.28)
==18214==    by 0x4970DA1: std::istream::operator>>(int&) (in /usr/lib/x86_64-linux-gnu/libstdc++.so.6.0.28)
==18214==    by 0x1092E4: main (maumau.cpp:347)
==18214== 
==18214== HEAP SUMMARY:
==18214==     in use at exit: 0 bytes in 0 blocks
==18214==   total heap usage: 2 allocs, 2 frees, 73,728 bytes allocated
==18214== 
==18214== All heap blocks were freed -- no leaks are possible
==18214== 
==18214== For lists of detected and suppressed errors, rerun with: -s
==18214== ERROR SUMMARY: 0 errors from 0 contexts (suppressed: 0 from 0)
